2022-10-09 10:12:03,661  INFO [TestNG-test=ChromeTest-3] SauceDemoMaven04June:40 - Browser is Opened
2022-10-09 10:12:03,660  INFO [TestNG-test=ChromeTest-1] SauceDemoMaven04June:40 - Browser is Opened
2022-10-09 10:12:03,664  INFO [TestNG-test=ChromeTest-1] SauceDemoMaven04June:41 - Browser is Opened
2022-10-09 10:12:03,664  INFO [TestNG-test=ChromeTest-3] SauceDemoMaven04June:41 - Browser is Opened
2022-10-09 10:12:03,662  INFO [TestNG-test=ChromeTest-2] SauceDemoMaven04June:40 - Browser is Opened
2022-10-09 10:12:03,665  INFO [TestNG-test=ChromeTest-2] SauceDemoMaven04June:41 - Browser is Opened
2022-10-09 10:12:04,858  INFO [TestNG-test=ChromeTest-3] SauceDemoMaven04June:45 - URL is Opened
2022-10-09 10:12:04,926  INFO [TestNG-test=ChromeTest-2] SauceDemoMaven04June:45 - URL is Opened
2022-10-09 10:12:04,979  INFO [TestNG-test=ChromeTest-1] SauceDemoMaven04June:45 - URL is Opened
2022-10-09 10:12:05,010  INFO [TestNG-test=ChromeTest-3] SauceDemoMaven04June:48 - Browser is maximized
2022-10-09 10:12:05,079  INFO [TestNG-test=ChromeTest-2] SauceDemoMaven04June:48 - Browser is maximized
2022-10-09 10:12:05,152  INFO [TestNG-test=ChromeTest-1] SauceDemoMaven04June:48 - Browser is maximized
2022-10-09 10:12:05,300  INFO [TestNG-test=ChromeTest-2] SauceDemoMaven04June:54 - username entered
2022-10-09 10:12:05,300  INFO [TestNG-test=ChromeTest-3] SauceDemoMaven04June:54 - username entered
2022-10-09 10:12:05,359  INFO [TestNG-test=ChromeTest-1] SauceDemoMaven04June:54 - username entered
2022-10-09 10:12:05,437  INFO [TestNG-test=ChromeTest-3] SauceDemoMaven04June:57 - Password entered
2022-10-09 10:12:05,450  INFO [TestNG-test=ChromeTest-2] SauceDemoMaven04June:57 - Password entered
2022-10-09 10:12:05,487  INFO [TestNG-test=ChromeTest-1] SauceDemoMaven04June:57 - Password entered
2022-10-09 10:12:05,606  INFO [TestNG-test=ChromeTest-3] SauceDemoMaven04June:60 - Login is clicked
2022-10-09 10:12:05,618  INFO [TestNG-test=ChromeTest-2] SauceDemoMaven04June:60 - Login is clicked
2022-10-09 10:12:05,671  INFO [TestNG-test=ChromeTest-1] SauceDemoMaven04June:60 - Login is clicked
2022-10-09 10:12:05,737  INFO [TestNG-test=ChromeTest-1] SauceDemoMaven04June:16 - red tshirt added
2022-10-09 10:12:05,778  INFO [TestNG-test=ChromeTest-1] SauceDemoMaven04June:19 - Oncie is Added
2022-10-09 10:12:05,926  INFO [TestNG-test=ChromeTest-1] SauceDemoMaven04June:70 - Browser is closed
2022-10-09 10:12:05,927  INFO [TestNG-test=ChromeTest-1] SauceDemoMaven04June:71 - End of Program
2022-10-09 10:12:06,188  INFO [TestNG-test=ChromeTest-2] SauceDemoMaven04June:21 - Applay Validation
2022-10-09 10:12:06,235  INFO [TestNG-test=ChromeTest-2] SauceDemoMaven04June:26 - 6
2022-10-09 10:12:06,280  INFO [TestNG-test=ChromeTest-3] SauceDemoMaven04June:21 - Apply validation
2022-10-09 10:12:06,344  INFO [TestNG-test=ChromeTest-2] SauceDemoMaven04June:70 - Browser is closed
2022-10-09 10:12:06,345  INFO [TestNG-test=ChromeTest-2] SauceDemoMaven04June:71 - End of Program
2022-10-09 10:12:06,615  INFO [TestNG-test=ChromeTest-3] SauceDemoMaven04June:70 - Browser is closed
2022-10-09 10:12:06,618  INFO [TestNG-test=ChromeTest-3] SauceDemoMaven04June:71 - End of Program
2022-10-09 10:12:07,076  INFO [TestNG-test=ChromeTest-1] SauceDemoMaven04June:40 - Browser is Opened
2022-10-09 10:12:07,077  INFO [TestNG-test=ChromeTest-1] SauceDemoMaven04June:41 - Browser is Opened
2022-10-09 10:12:07,656  INFO [TestNG-test=ChromeTest-2] SauceDemoMaven04June:40 - Browser is Opened
2022-10-09 10:12:07,657  INFO [TestNG-test=ChromeTest-2] SauceDemoMaven04June:41 - Browser is Opened
2022-10-09 10:12:08,178  INFO [TestNG-test=ChromeTest-1] SauceDemoMaven04June:45 - URL is Opened
2022-10-09 10:12:08,325  INFO [TestNG-test=ChromeTest-1] SauceDemoMaven04June:48 - Browser is maximized
2022-10-09 10:12:08,525  INFO [TestNG-test=ChromeTest-1] SauceDemoMaven04June:54 - username entered
2022-10-09 10:12:08,684  INFO [TestNG-test=ChromeTest-1] SauceDemoMaven04June:57 - Password entered
2022-10-09 10:12:08,911  INFO [TestNG-test=ChromeTest-1] SauceDemoMaven04June:60 - Login is clicked
2022-10-09 10:12:09,247  INFO [TestNG-test=ChromeTest-1] SauceDemoMaven04June:19 - Apply Validation
2022-10-09 10:12:09,319  INFO [TestNG-test=ChromeTest-1] SauceDemoMaven04June:24 - Name (A to Z)
2022-10-09 10:12:09,437  INFO [TestNG-test=ChromeTest-2] SauceDemoMaven04June:45 - URL is Opened
2022-10-09 10:12:09,562  INFO [TestNG-test=ChromeTest-1] SauceDemoMaven04June:70 - Browser is closed
2022-10-09 10:12:09,563  INFO [TestNG-test=ChromeTest-1] SauceDemoMaven04June:71 - End of Program
2022-10-09 10:12:09,584  INFO [TestNG-test=ChromeTest-2] SauceDemoMaven04June:48 - Browser is maximized
2022-10-09 10:12:09,745  INFO [TestNG-test=ChromeTest-2] SauceDemoMaven04June:54 - username entered
2022-10-09 10:12:09,827  INFO [TestNG-test=ChromeTest-2] SauceDemoMaven04June:57 - Password entered
2022-10-09 10:12:09,929  INFO [TestNG-test=ChromeTest-2] SauceDemoMaven04June:60 - Login is clicked
2022-10-09 10:12:09,985  INFO [TestNG-test=ChromeTest-2] SauceDemoMaven04June:21 - Menu is clicked
2022-10-09 10:12:10,119  INFO [TestNG-test=ChromeTest-2] SauceDemoMaven04June:24 - Logout is clicked
2022-10-09 10:12:10,339  INFO [TestNG-test=ChromeTest-2] SauceDemoMaven04June:28 - Apply validation
2022-10-09 10:12:10,473  INFO [TestNG-test=ChromeTest-2] SauceDemoMaven04June:70 - Browser is closed
2022-10-09 10:12:10,474  INFO [TestNG-test=ChromeTest-2] SauceDemoMaven04June:71 - End of Program
